----------------------------------------------------------------
Mon May 24 12:26:14 MSK 2021:
Booting Derby version The Apache Software Foundation - Apache Derby - 10.14.2.0 - (1828579): instance a816c00e-0179-9db2-3b22-00000dda5120 
on database directory memory:C:\Users\mihai\Desktop\ГУАП\5 семестр\Технология разработки серверных информационных систем\ЛР 3\lab3\c053efc4-1dd7-4e7a-94cf-cbb57e099076 with class loader sun.misc.Launcher$AppClassLoader@18b4aac2 
Loaded from file:/C:/Users/mihai/.m2/repository/org/apache/derby/derby/10.14.2.0/derby-10.14.2.0.jar
java.vendor=Amazon.com Inc.
java.runtime.version=1.8.0_292-b10
user.dir=C:\Users\mihai\Desktop\ГУАП\5 семестр\Технология разработки серверных информационных систем\ЛР 3\lab3
os.name=Windows 10
os.arch=amd64
os.version=10.0
derby.system.home=null
Database Class Loader started - derby.database.classpath=''
----------------------------------------------------------------
Mon May 24 12:26:17 MSK 2021:
Booting Derby version The Apache Software Foundation - Apache Derby - 10.14.2.0 - (1828579): instance 176240b2-0179-9db2-3b22-00000dda5120 
on database directory memory:C:\Users\mihai\Desktop\ГУАП\5 семестр\Технология разработки серверных информационных систем\ЛР 3\lab3\8e8c8a63-23f0-4983-baa9-c3f2c1febbc3 with class loader sun.misc.Launcher$AppClassLoader@18b4aac2 
Loaded from file:/C:/Users/mihai/.m2/repository/org/apache/derby/derby/10.14.2.0/derby-10.14.2.0.jar
java.vendor=Amazon.com Inc.
java.runtime.version=1.8.0_292-b10
user.dir=C:\Users\mihai\Desktop\ГУАП\5 семестр\Технология разработки серверных информационных систем\ЛР 3\lab3
os.name=Windows 10
os.arch=amd64
os.version=10.0
derby.system.home=null
Database Class Loader started - derby.database.classpath=''
